<?xml version="1.0" encoding="UTF-8"?>
<!-- Generated by org.testng.reporters.JUnitReportReporter -->
<testsuite skipped="0" hostname="DESKTOP-KFO17RS" name="com.ip.test.FlightSearchServicePassengerNumberTest" tests="4" failures="0" timestamp="2020-06-09T05:51:18 PDT" time="0.074" errors="0">
  <testcase name="eightPassengersNotAllowed" time="0.022" classname="com.ip.test.FlightSearchServicePassengerNumberTest"/>
  <system-out/>
  <testcase name="onePassengerIsAllowed" time="0.040" classname="com.ip.test.FlightSearchServicePassengerNumberTest"/>
  <system-out/>
  <testcase name="zeroPassengersNotAllowed" time="0.007" classname="com.ip.test.FlightSearchServicePassengerNumberTest"/>
  <system-out/>
  <testcase name="sevenPassengersAreAllowed" time="0.005" classname="com.ip.test.FlightSearchServicePassengerNumberTest"/>
  <system-out/>
</testsuite> <!-- com.ip.test.FlightSearchServicePassengerNumberTest -->
