<?xml version="1.0" encoding="UTF-8"?>
<!-- Generated by org.testng.reporters.JUnitReportReporter -->
<testsuite skipped="0" hostname="DESKTOP-KFO17RS" name="com.ip.test.FlightSearchServiceNullAndEmptyStringTest" tests="3" failures="0" timestamp="2020-06-09T05:51:08 PDT" time="0.092" errors="0">
  <testcase name="invalidDestinationFirstArgNotAllowed" time="0.006" classname="com.ip.test.FlightSearchServiceNullAndEmptyStringTest"/>
  <system-out/>
  <testcase name="invalidDateNotAllowed" time="0.082" classname="com.ip.test.FlightSearchServiceNullAndEmptyStringTest"/>
  <system-out/>
  <testcase name="invalidDestinationSecondArgNotAllowed" time="0.004" classname="com.ip.test.FlightSearchServiceNullAndEmptyStringTest"/>
  <system-out/>
</testsuite> <!-- com.ip.test.FlightSearchServiceNullAndEmptyStringTest -->
